<?xml version="1.0" encoding="UTF-8"?>
<testsuite name="queues.NetworkTests" tests="1" skipped="0" failures="0" errors="0" timestamp="2024-01-24T02:02:36" hostname="DESKTOP-N6JMNQK" time="0.03">
  <properties/>
  <testcase name="LIFO, Priority and FIFO queues combine OK" classname="queues.NetworkTests" time="0.03"/>
  <system-out><![CDATA[]]></system-out>
  <system-err><![CDATA[]]></system-err>
</testsuite>
