<?xml version="1.0" encoding="UTF-8"?>
<testsuite name="simulation.ToySimulatorTest" tests="1" skipped="0" failures="0" errors="0" timestamp="2024-02-09T20:43:41" hostname="DESKTOP-N6JMNQK" time="0.024">
  <properties/>
  <testcase name="test toy simulator" classname="simulation.ToySimulatorTest" time="0.024"/>
  <system-out><![CDATA[]]></system-out>
  <system-err><![CDATA[]]></system-err>
</testsuite>
